# Dual-Dongle Monitor Log
# Session ID: 1760935557969
# Start Time: 2025-10-20T04:45:57.969Z
# TX Port: Modem → Machine
# RX Port: Machine → Modem
# Format: [timestamp] DIRECTION: command_name: hex_data
# Direction indicators: → (TX), ← (RX)
#
[2025-10-20T04:46:07.076Z] ← Unknown Command (0000) (0x0004): FF FF 12 40 00 00 00 00 00 04 0F 5A 00 00 00 00 
00 00 00 00 BF | CRC: ✗ | Seq: 0
[2025-10-20T04:46:08.427Z] ← Unknown Command (0000) (0x0062): FF FF 2E 40 00 00 00 00 00 62 45 2B 2B 32 2E 31 
37 00 32 30 32 34 31 32 32 34 F1 00 00 30 30 30 
30 30 30 30 31 00 55 2D 57 4D 54 00 00 00 00 0C 
BC | CRC: ✗ | Seq: 0
[2025-10-20T04:46:08.507Z] ← Unknown Command (0000) (0x0071): FF FF 28 40 00 00 00 00 00 71 20 1C 51 89 0C 31 
C3 08 05 03 00 21 80 00 78 45 00 00 00 03 00 00 
00 00 00 00 00 00 00 00 00 40 A0 | CRC: ✗ | Seq: 0
[2025-10-20T04:46:12.131Z] ← Unknown Command (0000) (0x0006): FF FF 43 40 00 00 00 00 00 06 6D 01 01 30 10 03 
00 00 00 20 04 03 05 01 00 01 02 30 00 00 00 00 
0A 0F 08 14 05 05 06 05 04 1A 04 1A 04 1A 00 00 
00 00 00 00 00 00 00 00 00 00 00 00 00 01 00 00 
00 00 00 01 00 41 | CRC: ✗ | Seq: 0
[2025-10-20T04:46:07.076Z] → Unknown Command (0000) (0x??): FF FF 08 40 00 00 00 00 00 05 4D | CRC: ✗ | Seq: 0
[2025-10-20T04:46:11.211Z] → Unknown Command (0000) (0x0011): FF FF 19 40 00 00 00 00 00 11 00 F0 38 36 32 38 
31 37 30 36 38 33 36 37 39 34 39 7E | CRC: ✗ | Seq: 0
[2025-10-20T04:46:16.314Z] ← Unknown Command (0000) (0x??): FF FF 08 40 00 00 00 00 00 05 4D | CRC: ✗ | Seq: 0
[2025-10-20T04:46:17.804Z] ← Unknown Command (0000) (0x0012): FF FF 25 40 00 00 00 00 00 12 10 02 00 01 32 AA 
BD 0B 1F 05 B4 6C 01 08 94 27 28 15 54 F5 B4 49 
F4 8E E9 4D 39 05 48 F7 | CRC: ✗ | Seq: 0
[2025-10-20T04:46:18.104Z] ← Unknown Command (0000) (0x0012): FF FF 25 40 00 00 00 00 00 12 10 02 00 01 32 AA 
BD 0B 1F 05 B4 6C 01 08 94 27 28 15 54 F5 B4 49 
F4 8E E9 4D 39 05 48 F7 | CRC: ✗ | Seq: 0
[2025-10-20T04:46:13.028Z] → Unknown Command (0000) (0x??): FF FF 08 40 00 00 00 00 00 05 4D | CRC: ✗ | Seq: 0
[2025-10-20T04:46:13.089Z] → Unknown Command (0000) (0x??): FF FF 08 40 00 00 00 00 00 05 4D | CRC: ✗ | Seq: 0
[2025-10-20T04:46:13.157Z] → Unknown Command (0000) (0x0011): FF FF 25 40 00 00 00 00 00 11 10 02 00 01 49 38 
73 69 71 73 6C 47 01 32 5A A6 33 16 02 90 2E BC 
DB 5D 9A FB B2 B8 C0 6C | CRC: ✗ | Seq: 0
[2025-10-20T04:46:13.532Z] → Unknown Command (0000) (0x??): FF FF 08 40 00 00 00 00 00 05 4D | CRC: ✗ | Seq: 0
[2025-10-20T04:46:14.129Z] → Unknown Command (0000) (0x00F5): FF FF 0A 40 00 00 00 00 00 F5 00 00 3F | CRC: ✗ | Seq: 0
[2025-10-20T04:46:14.427Z] → Unknown Command (0000) (0x00F5): FF FF 0A 40 00 00 00 00 00 F5 00 00 3F | CRC: ✗ | Seq: 0
[2025-10-20T04:46:15.211Z] → Unknown Command (0000) (0x0011): FF FF 19 40 00 00 00 00 00 11 00 F0 38 36 32 38 
31 37 30 36 38 33 36 37 39 34 39 7E | CRC: ✗ | Seq: 0
[2025-10-20T04:46:20.311Z] ← Unknown Command (0000) (0x??): FF FF 08 40 00 00 00 00 00 05 4D | CRC: ✗ | Seq: 0
[2025-10-20T04:46:25.365Z] ← Unknown Command (0000) (0x??): FF FF 08 40 00 00 00 00 00 05 4D | CRC: ✗ | Seq: 0
[2025-10-20T04:46:32.273Z] → Unknown Command (0000) (0x00F7): FF FF 22 40 00 00 00 00 00 F7 01 03 01 08 00 01 
00 00 00 00 03 00 02 06 01 00 01 00 02 00 03 04 
00 02 1A 00 99 | CRC: ✗ | Seq: 0
[2025-10-20T04:46:37.374Z] ← Unknown Command (0000) (0x??): FF FF 08 40 00 00 00 00 00 05 4D | CRC: ✗ | Seq: 0
[2025-10-20T04:46:32.317Z] → Unknown Command (0000) (0x??): FF FF 08 40 00 00 00 00 00 EB 33 | CRC: ✗ | Seq: 0
[2025-10-20T04:46:37.459Z] ← Unknown Command (0000) (0x00EC): FF FF 2E 40 00 00 00 00 00 EC 43 45 41 42 39 55 
51 30 30 00 00 00 00 00 00 00 00 00 00 00 30 30 
30 30 30 30 32 30 32 34 31 32 32 34 02 22 01 00 
7A | CRC: ✗ | Seq: 0
[2025-10-20T04:46:32.401Z] → Unknown Command (0000) (0x00): FF FF 09 40 00 00 00 00 00 E9 00 32 | CRC: ✗ | Seq: 0
[2025-10-20T04:46:37.538Z] ← Unknown Command (0000) (0x00EA): FF FF 2C 40 00 00 00 00 00 EA 00 30 30 32 31 38 
30 30 30 37 38 45 48 44 35 31 30 38 44 55 5A 30 
30 30 30 30 30 32 30 32 34 31 32 32 34 01 94 | CRC: ✗ | Seq: 0
[2025-10-20T04:47:20.348Z] → Unknown Command (0000) (0x0061): FF FF 0A 00 00 00 00 00 00 61 00 07 72 | CRC: ✗ | Seq: 0
[2025-10-20T04:47:25.486Z] ← Unknown Command (0000) (0x0062): FF FF 2E 40 00 00 00 00 00 62 45 2B 2B 32 2E 31 
37 00 32 30 32 34 31 32 32 34 F1 00 00 30 30 30 
30 30 30 30 31 00 55 2D 57 4D 54 00 00 00 00 0C 
BC | CRC: ✗ | Seq: 0
[2025-10-20T04:47:20.527Z] → Unknown Command (0000) (0x0001): FF FF 0A 40 00 00 00 00 00 01 4D 01 99 | CRC: ✗ | Seq: 0
[2025-10-20T04:47:25.689Z] ← Unknown Command (0000) (0x0002): FF FF 43 40 00 00 00 00 00 02 6D 01 01 30 10 03 
00 00 00 20 04 03 05 01 00 01 02 30 00 00 00 00 
0A 0F 08 14 05 05 06 05 04 1A 04 1A 04 1A 00 00 
00 00 00 00 00 00 00 00 00 00 00 00 00 01 00 00 
00 00 00 01 00 3D | CRC: ✗ | Seq: 0
[2025-10-20T04:47:25.787Z] ← Unknown Command (0000) (0x0006): FF FF 46 40 00 00 00 00 00 06 6D 02 00 00 00 01 
00 00 00 00 00 00 00 00 04 01 02 01 00 00 00 00 
0A 0F 08 07 05 05 05 00 01 69 00 00 00 24 01 4C 
24 02 01 00 00 00 00 00 00 00 00 00 00 00 00 00 
00 00 00 00 00 00 00 00 3D | CRC: ✗ | Seq: 0
[2025-10-20T04:47:29.241Z] ← Unknown Command (0000) (0x0006): FF FF 43 40 00 00 00 00 00 06 6D 01 01 30 10 03 
00 00 00 20 04 03 05 01 00 01 02 30 00 00 00 00 
0A 0F 08 14 05 05 06 05 04 1A 04 1A 04 1A 00 00 
00 00 00 00 00 00 00 00 00 00 00 00 00 01 00 00 
00 00 00 01 00 41 | CRC: ✗ | Seq: 0
[2025-10-20T04:47:34.915Z] ← Unknown Command (0000) (0x0012): FF FF 25 40 00 00 00 00 00 12 10 02 00 01 F2 04 
53 94 9F 2B 04 C6 01 84 3E 7F 8A 5A C9 86 BE 43 
1F D0 03 27 4A E5 30 E9 | CRC: ✗ | Seq: 0
[2025-10-20T04:47:29.867Z] → Unknown Command (0000) (0x??): FF FF 08 40 00 00 00 00 00 05 4D | CRC: ✗ | Seq: 0
[2025-10-20T04:47:30.508Z] → Unknown Command (0000) (0x00F3): FF FF 0A 40 00 00 00 00 00 F3 00 00 3D | CRC: ✗ | Seq: 0
[2025-10-20T04:47:32.271Z] → Unknown Command (0000) (0x0011): FF FF 19 40 00 00 00 00 00 11 00 F0 38 36 32 38 
31 37 30 36 38 33 36 37 39 34 39 7E | CRC: ✗ | Seq: 0
[2025-10-20T04:47:37.373Z] ← Unknown Command (0000) (0x??): FF FF 08 40 00 00 00 00 00 05 4D | CRC: ✗ | Seq: 0
[2025-10-20T04:47:32.707Z] → Unknown Command (0000) (0x00F5): FF FF 0A 40 00 00 00 00 00 F5 00 00 3F | CRC: ✗ | Seq: 0
[2025-10-20T04:47:40.913Z] ← Unknown Command (0000) (0x0012): FF FF 25 40 00 00 00 00 00 12 10 02 00 01 F2 04 
53 94 9F 2B 04 C6 01 84 3E 7F 8A 5A C9 86 BE 43 
1F D0 03 27 4A E5 30 E9 | CRC: ✗ | Seq: 0
[2025-10-20T04:47:41.124Z] ← Unknown Command (0000) (0x??): FF FF 08 40 00 00 00 00 00 05 4D | CRC: ✗ | Seq: 0
[2025-10-20T04:47:36.271Z] → Unknown Command (0000) (0x0011): FF FF 19 40 00 00 00 00 00 11 00 F0 38 36 32 38 
31 37 30 36 38 33 36 37 39 34 39 7E | CRC: ✗ | Seq: 0
[2025-10-20T04:47:41.373Z] ← Unknown Command (0000) (0x??): FF FF 08 40 00 00 00 00 00 05 4D | CRC: ✗ | Seq: 0
[2025-10-20T04:47:37.518Z] → Unknown Command (0000) (0x0011): FF FF 25 40 00 00 00 00 00 11 10 02 00 01 47 6F 
4A 74 58 6E 4B 63 01 85 77 FA 7F E0 83 FE E8 76 
8B 3A 48 16 B0 64 39 16 | CRC: ✗ | Seq: 0
[2025-10-20T04:47:42.623Z] ← Unknown Command (0000) (0x??): FF FF 08 40 00 00 00 00 00 05 4D | CRC: ✗ | Seq: 0
[2025-10-20T04:47:38.570Z] → Unknown Command (0000) (0x0011): FF FF 20 40 00 00 00 00 00 11 10 00 68 F5 BE EF 
07 E9 0A 14 0C 2F 2B 02 00 08 00 00 00 00 00 00 
00 00 09 | CRC: ✗ | Seq: 0
[2025-10-20T04:47:43.673Z] ← Unknown Command (0000) (0x??): FF FF 08 40 00 00 00 00 00 05 4D | CRC: ✗ | Seq: 0
[2025-10-20T04:47:47.305Z] → Unknown Command (0000) (0x??): FF FF 08 40 00 00 00 00 00 09 51 | CRC: ✗ | Seq: 0
[2025-10-20T04:47:52.406Z] ← Unknown Command (0000) (0x??): FF FF 08 40 00 00 00 00 00 05 4D | CRC: ✗ | Seq: 0
[2025-10-20T04:47:54.639Z] ← Unknown Command (0000) (0x00EA): FF FF 2C 40 00 00 00 00 00 EA 00 30 30 32 31 38 
30 30 30 37 38 45 48 44 35 31 30 38 44 55 5A 30 
30 30 30 30 30 32 30 32 34 31 32 32 34 01 94 | CRC: ✗ | Seq: 0
